<?xml version="1.0" encoding="UTF-8"?>
<!-- Generated by org.testng.reporters.JUnitXMLReporter -->
<testsuite hostname="SVINDK00035" name="Test" tests="1" failures="1" timestamp="24 Jul 2019 06:08:30 GMT" time="0.504" errors="0">
  <testcase name="feature" time="0.144" classname="Runner.Signup">
    <failure type="cucumber.runtime.CucumberException" message="java.lang.NullPointerException">
      <![CDATA[cucumber.runtime.CucumberException: java.lang.NullPointerException
	at cucumber.api.testng.TestNGCucumberRunner.runCucumber(TestNGCucumberRunner.java:69)
	at cucumber.api.testng.AbstractTestNGCucumberTests.feature(AbstractTestNGCucumberTests.java:21)
Caused by: java.lang.NullPointerException
	at stepdefinations.SignupToShophizer.i_enter_the_URL_of_the_application(SignupToShophizer.java:39)
	at âœ½.When i enter the URL of the application(./src/test/Resources/Featurefiles/Signup.feature:6)
... Removed 24 stack frames]]>
    </failure>
  </testcase> <!-- feature -->
</testsuite> <!-- Test -->
